Building DAG of jobs...
Using shell: /bin/bash
Provided cluster nodes: 128
Job counts:
	count	jobs
	1	all
	2	bam2bedpe
	2	tsse2depth
	5

[Thu Oct 14 16:16:06 2021]
rule tsse2depth:
    input: sample2/sample2.bam
    output: sample2/sample2.tsse2depth.ok, sample2/sample2.filtered_dedup.nsrt.bam
    log: log/sample2.tsse2depth.log
    jobid: 4
    benchmark: benchmarks/sample2.tsse2depth
    wildcards: sample=sample2


        ../bin/calTSSePE sample2/sample2.bam sample2/tsseANDdepth --pair -g /projects/ps-renlab/yangli/genome/mm10/gencode.vM16.annotation.gtf
        samtools sort -n sample2/tsseANDdepth/filtered_dedup.bam -o sample2/sample2.filtered_dedup.nsrt.bam
        echo 'Done' > sample2/sample2.tsse2depth.ok
        
Submitted job 4 with external jobid '27168005.tscc-mgr7.local'.

[Thu Oct 14 16:16:15 2021]
rule tsse2depth:
    input: sample1/sample1.bam
    output: sample1/sample1.tsse2depth.ok, sample1/sample1.filtered_dedup.nsrt.bam
    log: log/sample1.tsse2depth.log
    jobid: 3
    benchmark: benchmarks/sample1.tsse2depth
    wildcards: sample=sample1


        ../bin/calTSSePE sample1/sample1.bam sample1/tsseANDdepth --pair -g /projects/ps-renlab/yangli/genome/mm10/gencode.vM16.annotation.gtf
        samtools sort -n sample1/tsseANDdepth/filtered_dedup.bam -o sample1/sample1.filtered_dedup.nsrt.bam
        echo 'Done' > sample1/sample1.tsse2depth.ok
        
Submitted job 3 with external jobid '27168006.tscc-mgr7.local'.
