Building DAG of jobs...
Using shell: /bin/bash
Provided cores: 1 (use --cores to define parallelism)
Rules claiming more threads will be scaled down.
Job counts:
	count	jobs
	1	tsse2depth
	1

[Thu Oct 14 16:20:26 2021]
rule tsse2depth:
    input: sample1/sample1.bam
    output: sample1/sample1.tsse2depth.ok, sample1/sample1.filtered_dedup.nsrt.bam
    log: log/sample1.tsse2depth.log
    jobid: 0
    benchmark: benchmarks/sample1.tsse2depth
    wildcards: sample=sample1


        ../bin/calTSSePE sample1/sample1.bam sample1/tsseANDdepth --pair -g /projects/ps-renlab/yangli/genome/mm10/gencode.vM16.annotation.gtf
        samtools sort -n sample1/tsseANDdepth/filtered_dedup.bam -o sample1/sample1.filtered_dedup.nsrt.bam
        echo 'Done' > sample1/sample1.tsse2depth.ok
        
[Thu Oct 14 16:21:03 2021]
Finished job 0.
1 of 1 steps (100%) done
