Building DAG of jobs...
Using shell: /bin/bash
Provided cores: 1 (use --cores to define parallelism)
Rules claiming more threads will be scaled down.
Job counts:
	count	jobs
	1	tsse2depth
	1

[Thu Oct 14 16:20:22 2021]
rule tsse2depth:
    input: sample2/sample2.bam
    output: sample2/sample2.tsse2depth.ok, sample2/sample2.filtered_dedup.nsrt.bam
    log: log/sample2.tsse2depth.log
    jobid: 0
    benchmark: benchmarks/sample2.tsse2depth
    wildcards: sample=sample2


        ../bin/calTSSePE sample2/sample2.bam sample2/tsseANDdepth --pair -g /projects/ps-renlab/yangli/genome/mm10/gencode.vM16.annotation.gtf
        samtools sort -n sample2/tsseANDdepth/filtered_dedup.bam -o sample2/sample2.filtered_dedup.nsrt.bam
        echo 'Done' > sample2/sample2.tsse2depth.ok
        
[Thu Oct 14 16:21:02 2021]
Finished job 0.
1 of 1 steps (100%) done
