[M::bwa_idx_load_from_disk] read 0 ALT contigs
[M::process] read 500000 sequences (25500000 bp)...
[M::mem_pestat] # candidate unique pairs for (FF, FR, RF, RR): (72, 206511, 1, 48)
[M::mem_pestat] analyzing insert size distribution for orientation FF...
[M::mem_pestat] (25, 50, 75) percentile: (43, 66, 127)
[M::mem_pestat] low and high boundaries for computing mean and std.dev: (1, 295)
[M::mem_pestat] mean and std.dev: (91.99, 68.56)
[M::mem_pestat] low and high boundaries for proper pairs: (1, 379)
[M::mem_pestat] analyzing insert size distribution for orientation FR...
[M::mem_pestat] (25, 50, 75) percentile: (57, 84, 166)
[M::mem_pestat] low and high boundaries for computing mean and std.dev: (1, 384)
[M::mem_pestat] mean and std.dev: (114.61, 78.71)
[M::mem_pestat] low and high boundaries for proper pairs: (1, 493)
[M::mem_pestat] skip orientation RF as there are not enough pairs
[M::mem_pestat] analyzing insert size distribution for orientation RR...
[M::mem_pestat] (25, 50, 75) percentile: (49, 76, 124)
[M::mem_pestat] low and high boundaries for computing mean and std.dev: (1, 274)
[M::mem_pestat] mean and std.dev: (88.13, 52.08)
[M::mem_pestat] low and high boundaries for proper pairs: (1, 349)
[M::mem_pestat] skip orientation FF
[M::mem_pestat] skip orientation RR
[M::mem_process_seqs] Processed 500000 reads in 61.153 CPU sec, 15.371 real sec
[main] Version: 0.7.17-r1188
[main] CMD: /opt/biotools/bwa/bin//bwa mem -t 4 /projects/ps-renlab/yangli/genome/mm10/mm10.fa /dev/fd/63 /dev/fd/62
[main] Real time: 64.759 sec; CPU: 66.860 sec
