[M::bwa_idx_load_from_disk] read 0 ALT contigs
[M::process] read 500000 sequences (25500000 bp)...
[M::mem_pestat] # candidate unique pairs for (FF, FR, RF, RR): (61, 183907, 1, 50)
[M::mem_pestat] analyzing insert size distribution for orientation FF...
[M::mem_pestat] (25, 50, 75) percentile: (48, 76, 137)
[M::mem_pestat] low and high boundaries for computing mean and std.dev: (1, 315)
[M::mem_pestat] mean and std.dev: (87.15, 55.78)
[M::mem_pestat] low and high boundaries for proper pairs: (1, 404)
[M::mem_pestat] analyzing insert size distribution for orientation FR...
[M::mem_pestat] (25, 50, 75) percentile: (60, 90, 177)
[M::mem_pestat] low and high boundaries for computing mean and std.dev: (1, 411)
[M::mem_pestat] mean and std.dev: (122.60, 84.57)
[M::mem_pestat] low and high boundaries for proper pairs: (1, 528)
[M::mem_pestat] skip orientation RF as there are not enough pairs
[M::mem_pestat] analyzing insert size distribution for orientation RR...
[M::mem_pestat] (25, 50, 75) percentile: (44, 59, 114)
[M::mem_pestat] low and high boundaries for computing mean and std.dev: (1, 254)
[M::mem_pestat] mean and std.dev: (76.87, 48.85)
[M::mem_pestat] low and high boundaries for proper pairs: (1, 324)
[M::mem_pestat] skip orientation FF
[M::mem_pestat] skip orientation RR
[M::mem_process_seqs] Processed 500000 reads in 60.608 CPU sec, 15.209 real sec
[main] Version: 0.7.17-r1188
[main] CMD: /opt/biotools/bwa/bin//bwa mem -t 4 /projects/ps-renlab/yangli/genome/mm10/mm10.fa /dev/fd/63 /dev/fd/62
[main] Real time: 83.703 sec; CPU: 65.109 sec
